<?xml version="1.0" encoding="utf-8"?><testsuites name="pytest tests"><testsuite name="pytest" errors="0" failures="0" skipped="0" tests="16" time="91.125" timestamp="2026-04-01T15:27:55.681849+00:00" hostname="agent-env-b8436c86-5e90-4691-a1ff-33b78e7a8a25"><testcase classname="backend.tests.test_chat_endpoints.TestChatNewSession" name="test_new_session_returns_session_id" time="0.218" /><testcase classname="backend.tests.test_chat_endpoints.TestChatEndpoint" name="test_chat_basic_message" time="14.544" /><testcase classname="backend.tests.test_chat_endpoints.TestChatEndpoint" name="test_chat_with_specific_date_query" time="5.993" /><testcase classname="backend.tests.test_chat_endpoints.TestChatEndpoint" name="test_chat_with_filters" time="11.263" /><testcase classname="backend.tests.test_chat_endpoints.TestChatEndpoint" name="test_chat_with_existing_session" time="7.301" /><testcase classname="backend.tests.test_chat_endpoints.TestChatEndpoint" name="test_chat_with_multiple_filters" time="8.609" /><testcase classname="backend.tests.test_chat_endpoints.TestChatHistory" name="test_chat_history_returns_messages" time="13.432" /><testcase classname="backend.tests.test_chat_endpoints.TestChatHistory" name="test_chat_history_empty_session" time="0.152" /><testcase classname="backend.tests.test_chat_endpoints.TestChatHistory" name="test_chat_history_requires_session_id" time="0.125" /><testcase classname="backend.tests.test_chat_endpoints.TestChatResponseQuality" name="test_response_in_spanish" time="4.067" /><testcase classname="backend.tests.test_chat_endpoints.TestRegressionEndpoints" name="test_api_root" time="0.185" /><testcase classname="backend.tests.test_chat_endpoints.TestRegressionEndpoints" name="test_filters_endpoint" time="1.856" /><testcase classname="backend.tests.test_chat_endpoints.TestRegressionEndpoints" name="test_kpis_endpoint" time="4.568" /><testcase classname="backend.tests.test_chat_endpoints.TestRegressionEndpoints" name="test_sales_by_year_endpoint" time="4.874" /><testcase classname="backend.tests.test_chat_endpoints.TestRegressionEndpoints" name="test_sales_by_store_endpoint" time="6.715" /><testcase classname="backend.tests.test_chat_endpoints.TestRegressionEndpoints" name="test_top_clients_endpoint" time="7.023" /></testsuite></testsuites>