<?xml version="1.0" encoding="utf-8"?><testsuites name="pytest tests"><testsuite name="pytest" errors="0" failures="0" skipped="0" tests="18" time="102.836" timestamp="2026-03-25T20:17:38.580373+00:00" hostname="agent-env-b8436c86-5e90-4691-a1ff-33b78e7a8a25"><testcase classname="backend.tests.test_store_timeline.TestStoreTimelineEndpoint" name="test_store_timeline_month_granularity_2026" time="1.706" /><testcase classname="backend.tests.test_store_timeline.TestStoreTimelineEndpoint" name="test_store_timeline_week_granularity_with_store_filter" time="12.831" /><testcase classname="backend.tests.test_store_timeline.TestStoreTimelineEndpoint" name="test_store_timeline_day_granularity" time="12.951" /><testcase classname="backend.tests.test_store_timeline.TestStoreTimelineEndpoint" name="test_store_timeline_with_marca_filter" time="6.568" /><testcase classname="backend.tests.test_store_timeline.TestStoreTimelineEndpoint" name="test_store_timeline_with_tipo_filter" time="5.215" /><testcase classname="backend.tests.test_store_timeline.TestStoreTimelineEndpoint" name="test_store_timeline_multiple_stores" time="6.080" /><testcase classname="backend.tests.test_store_timeline.TestStoreTimelineEndpoint" name="test_store_timeline_default_granularity" time="6.276" /><testcase classname="backend.tests.test_store_timeline.TestSalesByStoreEndpoint" name="test_sales_by_store_returns_data" time="1.445" /><testcase classname="backend.tests.test_store_timeline.TestSalesByStoreEndpoint" name="test_sales_by_store_with_filters" time="5.713" /><testcase classname="backend.tests.test_store_timeline.TestFiltersEndpoint" name="test_filters_returns_all_options" time="1.868" /><testcase classname="backend.tests.test_store_timeline.TestRegressionEndpoints" name="test_api_root" time="0.113" /><testcase classname="backend.tests.test_store_timeline.TestRegressionEndpoints" name="test_kpis_endpoint" time="4.537" /><testcase classname="backend.tests.test_store_timeline.TestRegressionEndpoints" name="test_sales_trend_endpoint" time="5.649" /><testcase classname="backend.tests.test_store_timeline.TestRegressionEndpoints" name="test_sales_by_year_endpoint" time="5.301" /><testcase classname="backend.tests.test_store_timeline.TestRegressionEndpoints" name="test_sales_by_marca_endpoint" time="6.069" /><testcase classname="backend.tests.test_store_timeline.TestRegressionEndpoints" name="test_sales_by_tipo_endpoint" time="7.072" /><testcase classname="backend.tests.test_store_timeline.TestRegressionEndpoints" name="test_top_clients_endpoint" time="6.273" /><testcase classname="backend.tests.test_store_timeline.TestRegressionEndpoints" name="test_year_monthly_endpoint" time="7.040" /></testsuite></testsuites>